ERROR main com.zookeeper.MyZooKeeper - 创建节点失败：KeeperErrorCode = NodeExists for /TestZookeeper，path:/TestZookeeper
org.apache.zookeeper.KeeperException$NodeExistsException: KeeperErrorCode = NodeExists for /TestZookeeper
	at org.apache.zookeeper.KeeperException.create(KeeperException.java:119)
	at org.apache.zookeeper.KeeperException.create(KeeperException.java:51)
	at org.apache.zookeeper.ZooKeeper.create(ZooKeeper.java:783)
	at com.zookeeper.ZKOperate.createZNode(ZKOperate.java:37)
	at com.zookeeper.ZKClientTest.main(ZKClientTest.java:24)
ERROR main com.zookeeper.MyZooKeeper - 读取数据失败,发生KeeperException! path: /TestZookeeper/hello1, errMsg:KeeperErrorCode = NoNode for /TestZookeeper/hello1
org.apache.zookeeper.KeeperException$NoNodeException: KeeperErrorCode = NoNode for /TestZookeeper/hello1
	at org.apache.zookeeper.KeeperException.create(KeeperException.java:111)
	at org.apache.zookeeper.KeeperException.create(KeeperException.java:51)
	at org.apache.zookeeper.ZooKeeper.getData(ZooKeeper.java:1212)
	at org.apache.zookeeper.ZooKeeper.getData(ZooKeeper.java:1241)
	at com.zookeeper.ZKOperate.readData(ZKOperate.java:104)
	at com.zookeeper.ZKClientTest.main(ZKClientTest.java:31)
ERROR main com.zookeeper.MyZooKeeper - 创建节点失败：KeeperErrorCode = NodeExists for /TestZookeeper/word1，path:/TestZookeeper/word1
org.apache.zookeeper.KeeperException$NodeExistsException: KeeperErrorCode = NodeExists for /TestZookeeper/word1
	at org.apache.zookeeper.KeeperException.create(KeeperException.java:119)
	at org.apache.zookeeper.KeeperException.create(KeeperException.java:51)
	at org.apache.zookeeper.ZooKeeper.create(ZooKeeper.java:783)
	at com.zookeeper.ZKOperate.createZNode(ZKOperate.java:37)
	at com.zookeeper.ZKClientTest.main(ZKClientTest.java:35)
ERROR main com.zookeeper.MyZooKeeper - 创建节点失败：KeeperErrorCode = NodeExists for /TestZookeeper，path:/TestZookeeper
org.apache.zookeeper.KeeperException$NodeExistsException: KeeperErrorCode = NodeExists for /TestZookeeper
	at org.apache.zookeeper.KeeperException.create(KeeperException.java:119)
	at org.apache.zookeeper.KeeperException.create(KeeperException.java:51)
	at org.apache.zookeeper.ZooKeeper.create(ZooKeeper.java:783)
	at com.zookeeper.ZKOperate.createZNode(ZKOperate.java:37)
	at com.zookeeper.ZKClientTest.main(ZKClientTest.java:24)
ERROR main com.zookeeper.MyZooKeeper - 读取数据失败,发生KeeperException! path: /TestZookeeper/hello1, errMsg:KeeperErrorCode = NoNode for /TestZookeeper/hello1
org.apache.zookeeper.KeeperException$NoNodeException: KeeperErrorCode = NoNode for /TestZookeeper/hello1
	at org.apache.zookeeper.KeeperException.create(KeeperException.java:111)
	at org.apache.zookeeper.KeeperException.create(KeeperException.java:51)
	at org.apache.zookeeper.ZooKeeper.getData(ZooKeeper.java:1212)
	at org.apache.zookeeper.ZooKeeper.getData(ZooKeeper.java:1241)
	at com.zookeeper.ZKOperate.readData(ZKOperate.java:104)
	at com.zookeeper.ZKClientTest.main(ZKClientTest.java:31)
ERROR main com.zookeeper.MyZooKeeper - 创建节点失败：KeeperErrorCode = NodeExists for /TestZookeeper/word1，path:/TestZookeeper/word1
org.apache.zookeeper.KeeperException$NodeExistsException: KeeperErrorCode = NodeExists for /TestZookeeper/word1
	at org.apache.zookeeper.KeeperException.create(KeeperException.java:119)
	at org.apache.zookeeper.KeeperException.create(KeeperException.java:51)
	at org.apache.zookeeper.ZooKeeper.create(ZooKeeper.java:783)
	at com.zookeeper.ZKOperate.createZNode(ZKOperate.java:37)
	at com.zookeeper.ZKClientTest.main(ZKClientTest.java:35)
